<?xml version="1.0" encoding="UTF-8" ?>
<testsuite tests="4" failures="1" name="test.com.GoogleSearchTest" time="2.861" errors="0" skipped="3">
  <properties>
[...]
</properties>
  <testcase classname="test.com.GoogleSearchTest" name="setUpMethod" time="2.859">
    <failure message="session not created: This version of ChromeDriver only supports Chrome version 117
Current browser version is 120.0.6099.217 with binary path C:\Program Files\Google\Chrome\Application\chrome.exe
Build info: version: &apos;3.141.59&apos;, revision: &apos;e82be7d358&apos;, time: &apos;2018-11-14T08:17:03&apos;
System info: host: &apos;LAPTOP-DLMIEB18&apos;, ip: &apos;10.0.0.144&apos;, os.name: &apos;Windows 11&apos;, os.arch: &apos;amd64&apos;, os.version: &apos;10.0&apos;, java.version: &apos;17.0.2&apos;
Driver info: driver.version: ChromeDriver
remote stacktrace: 	GetHandleVerifier [0x00007FF605D678A2+54818]
	(No symbol) [0x00007FF605CD6AD2]
	(No symbol) [0x00007FF605B8DA3B]
	(No symbol) [0x00007FF605BC0972]
	(No symbol) [0x00007FF605BBFDCE]
	(No symbol) [0x00007FF605BBAA4B]
	(No symbol) [0x00007FF605BB802E]
	(No symbol) [0x00007FF605BF67FB]
	(No symbol) [0x00007FF605BEE883]
	(No symbol) [0x00007FF605BC3691]
	(No symbol) [0x00007FF605BC48D4]
	GetHandleVerifier [0x00007FF6060CB9A2+3610402]
	GetHandleVerifier [0x00007FF606121870+3962352]
	GetHandleVerifier [0x00007FF606119D5F+3930847]
	GetHandleVerifier [0x00007FF605E03656+693206]
	(No symbol) [0x00007FF605CE1638]
	(No symbol) [0x00007FF605CDD944]
	(No symbol) [0x00007FF605CDDA72]
	(No symbol) [0x00007FF605CCE123]
	BaseThreadInitThunk [0x00007FF90036257D+29]
	RtlUserThreadStart [0x00007FF9011EAA58+40]
" type="org.openqa.selenium.SessionNotCreatedException">org.openqa.selenium.SessionNotCreatedException: session not created: This version of ChromeDriver only supports Chrome version 117
Current browser version is 120.0.6099.217 with binary path C:\Program Files\Google\Chrome\Application\chrome.exe
Build info: version: &apos;3.141.59&apos;, revision: &apos;e82be7d358&apos;, time: &apos;2018-11-14T08:17:03&apos;
System info: host: &apos;LAPTOP-DLMIEB18&apos;, ip: &apos;10.0.0.144&apos;, os.name: &apos;Windows 11&apos;, os.arch: &apos;amd64&apos;, os.version: &apos;10.0&apos;, java.version: &apos;17.0.2&apos;
Driver info: driver.version: ChromeDriver
remote stacktrace: 	GetHandleVerifier [0x00007FF605D678A2+54818]
	(No symbol) [0x00007FF605CD6AD2]
	(No symbol) [0x00007FF605B8DA3B]
	(No symbol) [0x00007FF605BC0972]
	(No symbol) [0x00007FF605BBFDCE]
	(No symbol) [0x00007FF605BBAA4B]
	(No symbol) [0x00007FF605BB802E]
	(No symbol) [0x00007FF605BF67FB]
	(No symbol) [0x00007FF605BEE883]
	(No symbol) [0x00007FF605BC3691]
	(No symbol) [0x00007FF605BC48D4]
	GetHandleVerifier [0x00007FF6060CB9A2+3610402]
	GetHandleVerifier [0x00007FF606121870+3962352]
	GetHandleVerifier [0x00007FF606119D5F+3930847]
	GetHandleVerifier [0x00007FF605E03656+693206]
	(No symbol) [0x00007FF605CE1638]
	(No symbol) [0x00007FF605CDD944]
	(No symbol) [0x00007FF605CDDA72]
	(No symbol) [0x00007FF605CCE123]
	BaseThreadInitThunk [0x00007FF90036257D+29]
	RtlUserThreadStart [0x00007FF9011EAA58+40]

	at java.base/jdk.internal.reflect.NativeConstructorAccessorImpl.newInstance0(Native Method)
	at java.base/jdk.internal.reflect.NativeConstructorAccessorImpl.newInstance(NativeConstructorAccessorImpl.java:77)
	at java.base/jdk.internal.reflect.DelegatingConstructorAccessorImpl.newInstance(DelegatingConstructorAccessorImpl.java:45)
	at java.base/java.lang.reflect.Constructor.newInstanceWithCaller(Constructor.java:499)
	at java.base/java.lang.reflect.Constructor.newInstance(Constructor.java:480)
	at org.openqa.selenium.remote.W3CHandshakeResponse.lambda$errorHandler$0(W3CHandshakeResponse.java:62)
	at org.openqa.selenium.remote.HandshakeResponse.lambda$getResponseFunction$0(HandshakeResponse.java:30)
	at org.openqa.selenium.remote.ProtocolHandshake.lambda$createSession$0(ProtocolHandshake.java:126)
	at java.base/java.util.stream.ReferencePipeline$3$1.accept(ReferencePipeline.java:197)
	at java.base/java.util.Spliterators$ArraySpliterator.tryAdvance(Spliterators.java:1002)
	at java.base/java.util.stream.ReferencePipeline.forEachWithCancel(ReferencePipeline.java:129)
	at java.base/java.util.stream.AbstractPipeline.copyIntoWithCancel(AbstractPipeline.java:527)
	at java.base/java.util.stream.AbstractPipeline.copyInto(AbstractPipeline.java:513)
	at java.base/java.util.stream.AbstractPipeline.wrapAndCopyInto(AbstractPipeline.java:499)
	at java.base/java.util.stream.FindOps$FindOp.evaluateSequential(FindOps.java:150)
	at java.base/java.util.stream.AbstractPipeline.evaluate(AbstractPipeline.java:234)
	at java.base/java.util.stream.ReferencePipeline.findFirst(ReferencePipeline.java:647)
	at org.openqa.selenium.remote.ProtocolHandshake.createSession(ProtocolHandshake.java:128)
	at org.openqa.selenium.remote.ProtocolHandshake.createSession(ProtocolHandshake.java:74)
	at org.openqa.selenium.remote.HttpCommandExecutor.execute(HttpCommandExecutor.java:136)
	at org.openqa.selenium.remote.service.DriverCommandExecutor.execute(DriverCommandExecutor.java:83)
	at org.openqa.selenium.remote.RemoteWebDriver.execute(RemoteWebDriver.java:552)
	at org.openqa.selenium.remote.RemoteWebDriver.startSession(RemoteWebDriver.java:213)
	at org.openqa.selenium.remote.RemoteWebDriver.&lt;init&gt;(RemoteWebDriver.java:131)
	at org.openqa.selenium.chrome.ChromeDriver.&lt;init&gt;(ChromeDriver.java:181)
	at org.openqa.selenium.chrome.ChromeDriver.&lt;init&gt;(ChromeDriver.java:168)
	at org.openqa.selenium.chrome.ChromeDriver.&lt;init&gt;(ChromeDriver.java:123)
	at test.com.GoogleSearchTest.setUpMethod(GoogleSearchTest.java:44)
</failure>
    <system-out>Configuring TestNG with: org.apache.maven.surefire.testng.conf.TestNG652Configurator@567d299b
</system-out>
    <system-err>Starting ChromeDriver 117.0.5938.88 (be6afae4721209be42944bbcd325665f9f44563b-refs/branch-heads/5938_62@{#9}) on port 30467
Only local connections are allowed.
Please see https://chromedriver.chromium.org/security-considerations for suggestions on keeping ChromeDriver safe.
ChromeDriver was started successfully.
</system-err>
  </testcase>
  <testcase classname="test.com.GoogleSearchTest" name="testFacebook" time="0">
    <skipped/>
  </testcase>
  <testcase classname="test.com.GoogleSearchTest" name="tearDownMethod" time="0.001">
    <skipped/>
  </testcase>
  <testcase classname="test.com.GoogleSearchTest" name="tearDownClass" time="0.001">
    <skipped/>
  </testcase>
</testsuite>